<?xml version="1.0" encoding="UTF-8"?>
<testng-results skipped="0" failed="0" total="1" passed="1">
  <reporter-output>
  </reporter-output>
  <suite name="Suite" duration-ms="9281" started-at="2022-06-24T20:25:48Z" finished-at="2022-06-24T20:25:57Z">
    <groups>
    </groups>
    <test name="Test" duration-ms="9281" started-at="2022-06-24T20:25:48Z" finished-at="2022-06-24T20:25:57Z">
      <class name="launchbrowser.TestNG_Demo">
        <test-method status="PASS" signature="setUpTest()[pri:0, instance:launchbrowser.TestNG_Demo@dfd3711]" name="setUpTest" is-config="true" duration-ms="3843" started-at="2022-06-24T14:25:48Z" finished-at="2022-06-24T14:25:52Z">
          <reporter-output>
          </reporter-output>
        </test-method> <!-- setUpTest -->
        <test-method status="PASS" signature="search()[pri:0, instance:launchbrowser.TestNG_Demo@dfd3711]" name="search" duration-ms="4360" started-at="2022-06-24T14:25:52Z" finished-at="2022-06-24T14:25:56Z">
          <reporter-output>
          </reporter-output>
        </test-method> <!-- search -->
        <test-method status="PASS" signature="teardownTest()[pri:0, instance:launchbrowser.TestNG_Demo@dfd3711]" name="teardownTest" is-config="true" duration-ms="1059" started-at="2022-06-24T14:25:56Z" finished-at="2022-06-24T14:25:57Z">
          <reporter-output>
          </reporter-output>
        </test-method> <!-- teardownTest -->
      </class> <!-- launchbrowser.TestNG_Demo -->
    </test> <!-- Test -->
  </suite> <!-- Suite -->
</testng-results>
